Traceback (most recent call last):
  File "<frozen runpy>", line 198, in _run_module_as_main
  File "<frozen runpy>", line 88, in _run_code
  File "/usr/lib/python3.12/http/server.py", line 1314, Building...
Bundling...
Packaging & Optimizing...
✨ Built in 87ms
Building...
Bundling...
Packaging & Optimizing...
✨ Built in 79ms
Building...
Bundling...
Packaging & Optimizing...
✨ Built in 76ms
Building...
Bundling...
Packaging & Optimizing...
✨ Built in 78ms
Building...
Bundling...
Packaging & Optimizing...
✨ Built in 70ms
Building...
Bundling...
Packaging & Optimizing...
✨ Built in 67ms
Building...
Bundling...
Packaging & Optimizing...
✨ Built in 69ms
Building...
Bundling...
Packaging & Optimizing...
✨ Built in 56ms
Building...
Bundling...
Packaging & Optimizing...
✨ Built in 65ms
Building...
Bundling...
Packaging & Optimizing...
✨ Built in 73ms
Building...
Bundling...
Packaging & Optimizing...
✨ Built in 67ms
Building...
Bundling...
Packaging & Optimizing...
✨ Built in 79ms
Building...
Bundling...
Packaging & Optimizing...
✨ Built in 60ms
Building...
Bundling...
Packaging & Optimizing...
✨ Built in 81ms
Building...
Bundling...
Packaging & Optimizing...
✨ Built in 80ms
Building...
Bundling...
Packaging & Optimizing...
✨ Built in 63ms
Building...
Bundling...
Packaging & Optimizing...
✨ Built in 82ms
Building...
Bundling...
Packaging & Optimizing...
✨ Built in 76ms
Building...
Bundling...
Packaging & Optimizing...
✨ Built in 85ms
Building...
Bundling...
Packaging & Optimizing...
✨ Built in 68ms
Building...
Bundling...
Packaging & Optimizing...
✨ Built in 69ms
Building...
Bundling...
Packaging & Optimizing...
✨ Built in 70ms
Building...
Bundling...
Packaging & Optimizing...
✨ Built in 76ms
Building...
Bundling...
Packaging & Optimizing...
✨ Built in 78ms
Building...
Bundling...
Packaging & Optimizing...
✨ Built in 292ms
🚨 Build failed.

@parcel/core: Failed to resolve 'interactive-summaries.html' from './index.html'

  /home/zsine/reszvizsga_app2/frontend/index.html:37:1
    36 |             </a>
  > 37 |         </nav>
  >    | ^
    38 |     </header>
    39 |     

@parcel/resolver-default: Cannot load file './interactive-summaries.html' in 
'./'.
💡 Did you mean './dist/interactive-summaries.html'?
💡 Did you mean './test-features.html'?

Building...
Bundling...
Packaging & Optimizing...
✨ Built in 555ms
Building...
Bundling...
Packaging & Optimizing...
✨ Built in 401ms
🚨 Build failed.

unknown: Entry /home/zsine/reszvizsga_app2/frontend/index.html does not exist
